21:56:09 **** Incremental Build of configuration Debug for project CONTROL_ECU ****
make all 
Invoking: Print Size
avr-size --format=avr --mcu=atmega32 CONTROL_ECU.elf
AVR Memory Usage
----------------
Device: atmega32

Program:    8880 bytes (27.1% Full)
(.text + .data + .bootloader)

Data:         22 bytes (1.1% Full)
(.data + .bss + .noinit)


Finished building: sizedummy
 
21:59:40 **** Incremental Build of configuration Debug for project CONTROL_ECU ****
make all 
Invoking: Print Size
avr-size --format=avr --mcu=atmega32 CONTROL_ECU.elf
AVR Memory Usage
----------------
Device: atmega32

Program:    8880 bytes (27.1% Full)
(.text + .data + .bootloader)

Data:         22 bytes (1.1% Full)
(.data + .bss + .noinit)


Finished building: sizedummy
 
21:59:40 **** Incremental Build of configuration Debug for project HMI_ECU ****
make all 
Building file: ../HMI_application.c
Invoking: AVR Compiler
avr-gcc -Wall -g2 -gstabs -O0 -fpack-struct -fshort-enums -ffunction-sections -fdata-sections -std=gnu99 -funsigned-char -funsigned-bitfields -mmcu=atmega32 -DF_CPU=8000000UL -MMD -MP -MF"HMI_application.d" -MT"HMI_application.o" -c -o "HMI_application.o" "../HMI_application.c"
In file included from ../HMI_application.c:11:
c:/winavr-20100110/lib/gcc/../../avr/include/util/delay.h:90:3: warning: #warning "Compiler optimizations disabled; functions from <util/delay.h> won't work as designed"
Finished building: ../HMI_application.c
 
Building target: HMI_ECU.elf
Invoking: AVR C Linker
avr-gcc -Wl,-Map,HMI_ECU.map -mmcu=atmega32 -o "HMI_ECU.elf"  ./HMI_application.o ./gpio.o ./keypad.o ./lcd.o ./timer1.o ./uart.o   
Finished building target: HMI_ECU.elf
 
Invoking: AVR Create Extended Listing
avr-objdump -h -S HMI_ECU.elf  >"HMI_ECU.lss"
Finished building: HMI_ECU.lss
 
Invoking: Print Size
avr-size --format=avr --mcu=atmega32 HMI_ECU.elf
AVR Memory Usage
----------------
Device: atmega32

Program:   11248 bytes (34.3% Full)
(.text + .data + .bootloader)

Data:        102 bytes (5.0% Full)
(.data + .bss + .noinit)


Finished building: sizedummy
 
22:07:21 **** Incremental Build of configuration Debug for project CONTROL_ECU ****
make all 
Invoking: Print Size
avr-size --format=avr --mcu=atmega32 CONTROL_ECU.elf
AVR Memory Usage
----------------
Device: atmega32

Program:    8880 bytes (27.1% Full)
(.text + .data + .bootloader)

Data:         22 bytes (1.1% Full)
(.data + .bss + .noinit)


Finished building: sizedummy
 
22:07:22 **** Incremental Build of configuration Debug for project HMI_ECU ****
make all 
Building file: ../HMI_application.c
Invoking: AVR Compiler
avr-gcc -Wall -g2 -gstabs -O0 -fpack-struct -fshort-enums -ffunction-sections -fdata-sections -std=gnu99 -funsigned-char -funsigned-bitfields -mmcu=atmega32 -DF_CPU=8000000UL -MMD -MP -MF"HMI_application.d" -MT"HMI_application.o" -c -o "HMI_application.o" "../HMI_application.c"
In file included from ../HMI_application.c:11:
c:/winavr-20100110/lib/gcc/../../avr/include/util/delay.h:90:3: warning: #warning "Compiler optimizations disabled; functions from <util/delay.h> won't work as designed"
Finished building: ../HMI_application.c
 
Building target: HMI_ECU.elf
Invoking: AVR C Linker
avr-gcc -Wl,-Map,HMI_ECU.map -mmcu=atmega32 -o "HMI_ECU.elf"  ./HMI_application.o ./gpio.o ./keypad.o ./lcd.o ./timer1.o ./uart.o   
Finished building target: HMI_ECU.elf
 
Invoking: AVR Create Extended Listing
avr-objdump -h -S HMI_ECU.elf  >"HMI_ECU.lss"
Finished building: HMI_ECU.lss
 
Invoking: Print Size
avr-size --format=avr --mcu=atmega32 HMI_ECU.elf
AVR Memory Usage
----------------
Device: atmega32

Program:   11724 bytes (35.8% Full)
(.text + .data + .bootloader)

Data:        102 bytes (5.0% Full)
(.data + .bss + .noinit)


Finished building: sizedummy
 
22:39:43 **** Incremental Build of configuration Debug for project CONTROL_ECU ****
make all 
Building file: ../CTL_application.c
Invoking: AVR Compiler
avr-gcc -Wall -g2 -gstabs -O0 -fpack-struct -fshort-enums -ffunction-sections -fdata-sections -std=gnu99 -funsigned-char -funsigned-bitfields -mmcu=atmega32 -DF_CPU=8000000UL -MMD -MP -MF"CTL_application.d" -MT"CTL_application.o" -c -o "CTL_application.o" "../CTL_application.c"
In file included from ../CTL_application.c:14:
c:/winavr-20100110/lib/gcc/../../avr/include/util/delay.h:90:3: warning: #warning "Compiler optimizations disabled; functions from <util/delay.h> won't work as designed"
Finished building: ../CTL_application.c
 
Building file: ../buzzer.c
Invoking: AVR Compiler
avr-gcc -Wall -g2 -gstabs -O0 -fpack-struct -fshort-enums -ffunction-sections -fdata-sections -std=gnu99 -funsigned-char -funsigned-bitfields -mmcu=atmega32 -DF_CPU=8000000UL -MMD -MP -MF"buzzer.d" -MT"buzzer.o" -c -o "buzzer.o" "../buzzer.c"
Finished building: ../buzzer.c
 
Building file: ../external_eeprom.c
Invoking: AVR Compiler
avr-gcc -Wall -g2 -gstabs -O0 -fpack-struct -fshort-enums -ffunction-sections -fdata-sections -std=gnu99 -funsigned-char -funsigned-bitfields -mmcu=atmega32 -DF_CPU=8000000UL -MMD -MP -MF"external_eeprom.d" -MT"external_eeprom.o" -c -o "external_eeprom.o" "../external_eeprom.c"
Finished building: ../external_eeprom.c
 
Building file: ../gpio.c
Invoking: AVR Compiler
avr-gcc -Wall -g2 -gstabs -O0 -fpack-struct -fshort-enums -ffunction-sections -fdata-sections -std=gnu99 -funsigned-char -funsigned-bitfields -mmcu=atmega32 -DF_CPU=8000000UL -MMD -MP -MF"gpio.d" -MT"gpio.o" -c -o "gpio.o" "../gpio.c"
Finished building: ../gpio.c
 
Building file: ../motor.c
Invoking: AVR Compiler
avr-gcc -Wall -g2 -gstabs -O0 -fpack-struct -fshort-enums -ffunction-sections -fdata-sections -std=gnu99 -funsigned-char -funsigned-bitfields -mmcu=atmega32 -DF_CPU=8000000UL -MMD -MP -MF"motor.d" -MT"motor.o" -c -o "motor.o" "../motor.c"
Finished building: ../motor.c
 
Building file: ../protocol.c
Invoking: AVR Compiler
avr-gcc -Wall -g2 -gstabs -O0 -fpack-struct -fshort-enums -ffunction-sections -fdata-sections -std=gnu99 -funsigned-char -funsigned-bitfields -mmcu=atmega32 -DF_CPU=8000000UL -MMD -MP -MF"protocol.d" -MT"protocol.o" -c -o "protocol.o" "../protocol.c"
In file included from ../protocol.c:8:
../protocol.h:55: error: expected '=', ',', ';', 'asm' or '__attribute__' before 'compare_strings'
../protocol.c:17: error: expected '=', ',', ';', 'asm' or '__attribute__' before 'compare_strings'
make: *** [protocol.o] Error 1
"make all" terminated with exit code 2. Build might be incomplete.
22:39:46 **** Incremental Build of configuration Debug for project HMI_ECU ****
make all 
Building file: ../HMI_application.c
Invoking: AVR Compiler
avr-gcc -Wall -g2 -gstabs -O0 -fpack-struct -fshort-enums -ffunction-sections -fdata-sections -std=gnu99 -funsigned-char -funsigned-bitfields -mmcu=atmega32 -DF_CPU=8000000UL -MMD -MP -MF"HMI_application.d" -MT"HMI_application.o" -c -o "HMI_application.o" "../HMI_application.c"
In file included from ../HMI_application.c:15:
c:/winavr-20100110/lib/gcc/../../avr/include/util/delay.h:90:3: warning: #warning "Compiler optimizations disabled; functions from <util/delay.h> won't work as designed"
Finished building: ../HMI_application.c
 
Building file: ../gpio.c
Invoking: AVR Compiler
avr-gcc -Wall -g2 -gstabs -O0 -fpack-struct -fshort-enums -ffunction-sections -fdata-sections -std=gnu99 -funsigned-char -funsigned-bitfields -mmcu=atmega32 -DF_CPU=8000000UL -MMD -MP -MF"gpio.d" -MT"gpio.o" -c -o "gpio.o" "../gpio.c"
Finished building: ../gpio.c
 
Building file: ../keypad.c
Invoking: AVR Compiler
avr-gcc -Wall -g2 -gstabs -O0 -fpack-struct -fshort-enums -ffunction-sections -fdata-sections -std=gnu99 -funsigned-char -funsigned-bitfields -mmcu=atmega32 -DF_CPU=8000000UL -MMD -MP -MF"keypad.d" -MT"keypad.o" -c -o "keypad.o" "../keypad.c"
In file included from ../keypad.c:14:
c:/winavr-20100110/lib/gcc/../../avr/include/util/delay.h:90:3: warning: #warning "Compiler optimizations disabled; functions from <util/delay.h> won't work as designed"
Finished building: ../keypad.c
 
Building file: ../lcd.c
Invoking: AVR Compiler
avr-gcc -Wall -g2 -gstabs -O0 -fpack-struct -fshort-enums -ffunction-sections -fdata-sections -std=gnu99 -funsigned-char -funsigned-bitfields -mmcu=atmega32 -DF_CPU=8000000UL -MMD -MP -MF"lcd.d" -MT"lcd.o" -c -o "lcd.o" "../lcd.c"
In file included from ../lcd.c:13:
c:/winavr-20100110/lib/gcc/../../avr/include/util/delay.h:90:3: warning: #warning "Compiler optimizations disabled; functions from <util/delay.h> won't work as designed"
Finished building: ../lcd.c
 
Building file: ../protocol.c
Invoking: AVR Compiler
avr-gcc -Wall -g2 -gstabs -O0 -fpack-struct -fshort-enums -ffunction-sections -fdata-sections -std=gnu99 -funsigned-char -funsigned-bitfields -mmcu=atmega32 -DF_CPU=8000000UL -MMD -MP -MF"protocol.d" -MT"protocol.o" -c -o "protocol.o" "../protocol.c"
In file included from ../protocol.c:8:
../protocol.h:55: error: expected '=', ',', ';', 'asm' or '__attribute__' before 'compare_strings'
../protocol.c:17: error: expected '=', ',', ';', 'asm' or '__attribute__' before 'compare_strings'
make: *** [protocol.o] Error 1
"make all" terminated with exit code 2. Build might be incomplete.
22:40:33 **** Incremental Build of configuration Debug for project CONTROL_ECU ****
make all 
Building file: ../CTL_application.c
Invoking: AVR Compiler
avr-gcc -Wall -g2 -gstabs -O0 -fpack-struct -fshort-enums -ffunction-sections -fdata-sections -std=gnu99 -funsigned-char -funsigned-bitfields -mmcu=atmega32 -DF_CPU=8000000UL -MMD -MP -MF"CTL_application.d" -MT"CTL_application.o" -c -o "CTL_application.o" "../CTL_application.c"
In file included from ../CTL_application.c:14:
c:/winavr-20100110/lib/gcc/../../avr/include/util/delay.h:90:3: warning: #warning "Compiler optimizations disabled; functions from <util/delay.h> won't work as designed"
Finished building: ../CTL_application.c
 
Building file: ../protocol.c
Invoking: AVR Compiler
avr-gcc -Wall -g2 -gstabs -O0 -fpack-struct -fshort-enums -ffunction-sections -fdata-sections -std=gnu99 -funsigned-char -funsigned-bitfields -mmcu=atmega32 -DF_CPU=8000000UL -MMD -MP -MF"protocol.d" -MT"protocol.o" -c -o "protocol.o" "../protocol.c"
Finished building: ../protocol.c
 
Building file: ../timer.c
Invoking: AVR Compiler
avr-gcc -Wall -g2 -gstabs -O0 -fpack-struct -fshort-enums -ffunction-sections -fdata-sections -std=gnu99 -funsigned-char -funsigned-bitfields -mmcu=atmega32 -DF_CPU=8000000UL -MMD -MP -MF"timer.d" -MT"timer.o" -c -o "timer.o" "../timer.c"
Finished building: ../timer.c
 
Building file: ../twi.c
Invoking: AVR Compiler
avr-gcc -Wall -g2 -gstabs -O0 -fpack-struct -fshort-enums -ffunction-sections -fdata-sections -std=gnu99 -funsigned-char -funsigned-bitfields -mmcu=atmega32 -DF_CPU=8000000UL -MMD -MP -MF"twi.d" -MT"twi.o" -c -o "twi.o" "../twi.c"
Finished building: ../twi.c
 
Building file: ../uart.c
Invoking: AVR Compiler
avr-gcc -Wall -g2 -gstabs -O0 -fpack-struct -fshort-enums -ffunction-sections -fdata-sections -std=gnu99 -funsigned-char -funsigned-bitfields -mmcu=atmega32 -DF_CPU=8000000UL -MMD -MP -MF"uart.d" -MT"uart.o" -c -o "uart.o" "../uart.c"
Finished building: ../uart.c
 
Building target: CONTROL_ECU.elf
Invoking: AVR C Linker
avr-gcc -Wl,-Map,CONTROL_ECU.map -mmcu=atmega32 -o "CONTROL_ECU.elf"  ./CTL_application.o ./buzzer.o ./external_eeprom.o ./gpio.o ./motor.o ./protocol.o ./timer.o ./twi.o ./uart.o   
Finished building target: CONTROL_ECU.elf
 
Invoking: AVR Create Extended Listing
avr-objdump -h -S CONTROL_ECU.elf  >"CONTROL_ECU.lss"
Finished building: CONTROL_ECU.lss
 
Invoking: Print Size
avr-size --format=avr --mcu=atmega32 CONTROL_ECU.elf
AVR Memory Usage
----------------
Device: atmega32

Program:    8880 bytes (27.1% Full)
(.text + .data + .bootloader)

Data:         22 bytes (1.1% Full)
(.data + .bss + .noinit)


Finished building: sizedummy
 
22:40:36 **** Incremental Build of configuration Debug for project HMI_ECU ****
make all 
Building file: ../HMI_application.c
Invoking: AVR Compiler
avr-gcc -Wall -g2 -gstabs -O0 -fpack-struct -fshort-enums -ffunction-sections -fdata-sections -std=gnu99 -funsigned-char -funsigned-bitfields -mmcu=atmega32 -DF_CPU=8000000UL -MMD -MP -MF"HMI_application.d" -MT"HMI_application.o" -c -o "HMI_application.o" "../HMI_application.c"
In file included from ../HMI_application.c:15:
c:/winavr-20100110/lib/gcc/../../avr/include/util/delay.h:90:3: warning: #warning "Compiler optimizations disabled; functions from <util/delay.h> won't work as designed"
Finished building: ../HMI_application.c
 
Building file: ../protocol.c
Invoking: AVR Compiler
avr-gcc -Wall -g2 -gstabs -O0 -fpack-struct -fshort-enums -ffunction-sections -fdata-sections -std=gnu99 -funsigned-char -funsigned-bitfields -mmcu=atmega32 -DF_CPU=8000000UL -MMD -MP -MF"protocol.d" -MT"protocol.o" -c -o "protocol.o" "../protocol.c"
Finished building: ../protocol.c
 
Building file: ../timer1.c
Invoking: AVR Compiler
avr-gcc -Wall -g2 -gstabs -O0 -fpack-struct -fshort-enums -ffunction-sections -fdata-sections -std=gnu99 -funsigned-char -funsigned-bitfields -mmcu=atmega32 -DF_CPU=8000000UL -MMD -MP -MF"timer1.d" -MT"timer1.o" -c -o "timer1.o" "../timer1.c"
../timer1.c: In function 'Timer1_setCallBack':
../timer1.c:113: warning: function return types not compatible due to 'volatile'
Finished building: ../timer1.c
 
Building file: ../uart.c
Invoking: AVR Compiler
avr-gcc -Wall -g2 -gstabs -O0 -fpack-struct -fshort-enums -ffunction-sections -fdata-sections -std=gnu99 -funsigned-char -funsigned-bitfields -mmcu=atmega32 -DF_CPU=8000000UL -MMD -MP -MF"uart.d" -MT"uart.o" -c -o "uart.o" "../uart.c"
Finished building: ../uart.c
 
Building target: HMI_ECU.elf
Invoking: AVR C Linker
avr-gcc -Wl,-Map,HMI_ECU.map -mmcu=atmega32 -o "HMI_ECU.elf"  ./HMI_application.o ./gpio.o ./keypad.o ./lcd.o ./protocol.o ./timer1.o ./uart.o   
Finished building target: HMI_ECU.elf
 
Invoking: AVR Create Extended Listing
avr-objdump -h -S HMI_ECU.elf  >"HMI_ECU.lss"
Finished building: HMI_ECU.lss
 
Invoking: Print Size
avr-size --format=avr --mcu=atmega32 HMI_ECU.elf
AVR Memory Usage
----------------
Device: atmega32

Program:   11248 bytes (34.3% Full)
(.text + .data + .bootloader)

Data:        102 bytes (5.0% Full)
(.data + .bss + .noinit)


Finished building: sizedummy
 
22:48:40 **** Incremental Build of configuration Debug for project CONTROL_ECU ****
make all 
Invoking: Print Size
avr-size --format=avr --mcu=atmega32 CONTROL_ECU.elf
AVR Memory Usage
----------------
Device: atmega32

Program:    8880 bytes (27.1% Full)
(.text + .data + .bootloader)

Data:         22 bytes (1.1% Full)
(.data + .bss + .noinit)


Finished building: sizedummy
 
22:48:41 **** Incremental Build of configuration Debug for project HMI_ECU ****
make all 
Building file: ../HMI_application.c
Invoking: AVR Compiler
avr-gcc -Wall -g2 -gstabs -O0 -fpack-struct -fshort-enums -ffunction-sections -fdata-sections -std=gnu99 -funsigned-char -funsigned-bitfields -mmcu=atmega32 -DF_CPU=8000000UL -MMD -MP -MF"HMI_application.d" -MT"HMI_application.o" -c -o "HMI_application.o" "../HMI_application.c"
In file included from ../HMI_application.c:15:
c:/winavr-20100110/lib/gcc/../../avr/include/util/delay.h:90:3: warning: #warning "Compiler optimizations disabled; functions from <util/delay.h> won't work as designed"
Finished building: ../HMI_application.c
 
Building target: HMI_ECU.elf
Invoking: AVR C Linker
avr-gcc -Wl,-Map,HMI_ECU.map -mmcu=atmega32 -o "HMI_ECU.elf"  ./HMI_application.o ./gpio.o ./keypad.o ./lcd.o ./protocol.o ./timer1.o ./uart.o   
Finished building target: HMI_ECU.elf
 
Invoking: AVR Create Extended Listing
avr-objdump -h -S HMI_ECU.elf  >"HMI_ECU.lss"
Finished building: HMI_ECU.lss
 
Invoking: Print Size
avr-size --format=avr --mcu=atmega32 HMI_ECU.elf
AVR Memory Usage
----------------
Device: atmega32

Program:   11248 bytes (34.3% Full)
(.text + .data + .bootloader)

Data:        102 bytes (5.0% Full)
(.data + .bss + .noinit)


Finished building: sizedummy
 
22:52:32 **** Incremental Build of configuration Debug for project CONTROL_ECU ****
make all 
Invoking: Print Size
avr-size --format=avr --mcu=atmega32 CONTROL_ECU.elf
AVR Memory Usage
----------------
Device: atmega32

Program:    8880 bytes (27.1% Full)
(.text + .data + .bootloader)

Data:         22 bytes (1.1% Full)
(.data + .bss + .noinit)


Finished building: sizedummy
 
22:52:32 **** Incremental Build of configuration Debug for project HMI_ECU ****
make all 
Building file: ../HMI_application.c
Invoking: AVR Compiler
avr-gcc -Wall -g2 -gstabs -O0 -fpack-struct -fshort-enums -ffunction-sections -fdata-sections -std=gnu99 -funsigned-char -funsigned-bitfields -mmcu=atmega32 -DF_CPU=8000000UL -MMD -MP -MF"HMI_application.d" -MT"HMI_application.o" -c -o "HMI_application.o" "../HMI_application.c"
In file included from ../HMI_application.c:15:
c:/winavr-20100110/lib/gcc/../../avr/include/util/delay.h:90:3: warning: #warning "Compiler optimizations disabled; functions from <util/delay.h> won't work as designed"
Finished building: ../HMI_application.c
 
Building target: HMI_ECU.elf
Invoking: AVR C Linker
avr-gcc -Wl,-Map,HMI_ECU.map -mmcu=atmega32 -o "HMI_ECU.elf"  ./HMI_application.o ./gpio.o ./keypad.o ./lcd.o ./protocol.o ./timer1.o ./uart.o   
Finished building target: HMI_ECU.elf
 
Invoking: AVR Create Extended Listing
avr-objdump -h -S HMI_ECU.elf  >"HMI_ECU.lss"
Finished building: HMI_ECU.lss
 
Invoking: Print Size
avr-size --format=avr --mcu=atmega32 HMI_ECU.elf
AVR Memory Usage
----------------
Device: atmega32

Program:   11248 bytes (34.3% Full)
(.text + .data + .bootloader)

Data:        102 bytes (5.0% Full)
(.data + .bss + .noinit)


Finished building: sizedummy
 
23:09:10 **** Incremental Build of configuration Debug for project CONTROL_ECU ****
make all 
Invoking: Print Size
avr-size --format=avr --mcu=atmega32 CONTROL_ECU.elf
AVR Memory Usage
----------------
Device: atmega32

Program:    8880 bytes (27.1% Full)
(.text + .data + .bootloader)

Data:         22 bytes (1.1% Full)
(.data + .bss + .noinit)


Finished building: sizedummy
 
23:09:11 **** Incremental Build of configuration Debug for project HMI_ECU ****
make all 
Building file: ../HMI_application.c
Invoking: AVR Compiler
avr-gcc -Wall -g2 -gstabs -O0 -fpack-struct -fshort-enums -ffunction-sections -fdata-sections -std=gnu99 -funsigned-char -funsigned-bitfields -mmcu=atmega32 -DF_CPU=8000000UL -MMD -MP -MF"HMI_application.d" -MT"HMI_application.o" -c -o "HMI_application.o" "../HMI_application.c"
In file included from ../HMI_application.c:15:
c:/winavr-20100110/lib/gcc/../../avr/include/util/delay.h:90:3: warning: #warning "Compiler optimizations disabled; functions from <util/delay.h> won't work as designed"
Finished building: ../HMI_application.c
 
Building target: HMI_ECU.elf
Invoking: AVR C Linker
avr-gcc -Wl,-Map,HMI_ECU.map -mmcu=atmega32 -o "HMI_ECU.elf"  ./HMI_application.o ./gpio.o ./keypad.o ./lcd.o ./protocol.o ./timer1.o ./uart.o   
Finished building target: HMI_ECU.elf
 
Invoking: AVR Create Extended Listing
avr-objdump -h -S HMI_ECU.elf  >"HMI_ECU.lss"
Finished building: HMI_ECU.lss
 
Invoking: Print Size
avr-size --format=avr --mcu=atmega32 HMI_ECU.elf
AVR Memory Usage
----------------
Device: atmega32

Program:   11248 bytes (34.3% Full)
(.text + .data + .bootloader)

Data:        102 bytes (5.0% Full)
(.data + .bss + .noinit)


Finished building: sizedummy
 
10:48:32 **** Incremental Build of configuration Debug for project CONTROL_ECU ****
make all 
Building file: ../CTL_application.c
Invoking: AVR Compiler
avr-gcc -Wall -g2 -gstabs -O0 -fpack-struct -fshort-enums -ffunction-sections -fdata-sections -std=gnu99 -funsigned-char -funsigned-bitfields -mmcu=atmega32 -DF_CPU=8000000UL -MMD -MP -MF"CTL_application.d" -MT"CTL_application.o" -c -o "CTL_application.o" "../CTL_application.c"
In file included from ../CTL_application.c:14:
c:/winavr-20100110/lib/gcc/../../avr/include/util/delay.h:90:3: warning: #warning "Compiler optimizations disabled; functions from <util/delay.h> won't work as designed"
Finished building: ../CTL_application.c
 
Building file: ../protocol.c
Invoking: AVR Compiler
avr-gcc -Wall -g2 -gstabs -O0 -fpack-struct -fshort-enums -ffunction-sections -fdata-sections -std=gnu99 -funsigned-char -funsigned-bitfields -mmcu=atmega32 -DF_CPU=8000000UL -MMD -MP -MF"protocol.d" -MT"protocol.o" -c -o "protocol.o" "../protocol.c"
Finished building: ../protocol.c
 
Building target: CONTROL_ECU.elf
Invoking: AVR C Linker
avr-gcc -Wl,-Map,CONTROL_ECU.map -mmcu=atmega32 -o "CONTROL_ECU.elf"  ./CTL_application.o ./buzzer.o ./external_eeprom.o ./gpio.o ./motor.o ./protocol.o ./timer.o ./twi.o ./uart.o   
Finished building target: CONTROL_ECU.elf
 
Invoking: AVR Create Extended Listing
avr-objdump -h -S CONTROL_ECU.elf  >"CONTROL_ECU.lss"
Finished building: CONTROL_ECU.lss
 
Invoking: Print Size
avr-size --format=avr --mcu=atmega32 CONTROL_ECU.elf
AVR Memory Usage
----------------
Device: atmega32

Program:    8880 bytes (27.1% Full)
(.text + .data + .bootloader)

Data:         22 bytes (1.1% Full)
(.data + .bss + .noinit)


Finished building: sizedummy
 
10:48:39 **** Incremental Build of configuration Debug for project HMI_ECU ****
make all 
Building file: ../HMI_application.c
Invoking: AVR Compiler
avr-gcc -Wall -g2 -gstabs -O0 -fpack-struct -fshort-enums -ffunction-sections -fdata-sections -std=gnu99 -funsigned-char -funsigned-bitfields -mmcu=atmega32 -DF_CPU=8000000UL -MMD -MP -MF"HMI_application.d" -MT"HMI_application.o" -c -o "HMI_application.o" "../HMI_application.c"
In file included from ../HMI_application.c:15:
c:/winavr-20100110/lib/gcc/../../avr/include/util/delay.h:90:3: warning: #warning "Compiler optimizations disabled; functions from <util/delay.h> won't work as designed"
Finished building: ../HMI_application.c
 
Building target: HMI_ECU.elf
Invoking: AVR C Linker
avr-gcc -Wl,-Map,HMI_ECU.map -mmcu=atmega32 -o "HMI_ECU.elf"  ./HMI_application.o ./gpio.o ./keypad.o ./lcd.o ./protocol.o ./timer1.o ./uart.o   
Finished building target: HMI_ECU.elf
 
Invoking: AVR Create Extended Listing
avr-objdump -h -S HMI_ECU.elf  >"HMI_ECU.lss"
Finished building: HMI_ECU.lss
 
Invoking: Print Size
avr-size --format=avr --mcu=atmega32 HMI_ECU.elf
AVR Memory Usage
----------------
Device: atmega32

Program:   11248 bytes (34.3% Full)
(.text + .data + .bootloader)

Data:        102 bytes (5.0% Full)
(.data + .bss + .noinit)


Finished building: sizedummy
 
10:53:07 **** Incremental Build of configuration Debug for project CONTROL_ECU ****
make all 
Invoking: Print Size
avr-size --format=avr --mcu=atmega32 CONTROL_ECU.elf
AVR Memory Usage
----------------
Device: atmega32

Program:    8880 bytes (27.1% Full)
(.text + .data + .bootloader)

Data:         22 bytes (1.1% Full)
(.data + .bss + .noinit)


Finished building: sizedummy
 
10:53:07 **** Incremental Build of configuration Debug for project HMI_ECU ****
make all 
Building file: ../HMI_application.c
Invoking: AVR Compiler
avr-gcc -Wall -g2 -gstabs -O0 -fpack-struct -fshort-enums -ffunction-sections -fdata-sections -std=gnu99 -funsigned-char -funsigned-bitfields -mmcu=atmega32 -DF_CPU=8000000UL -MMD -MP -MF"HMI_application.d" -MT"HMI_application.o" -c -o "HMI_application.o" "../HMI_application.c"
In file included from ../HMI_application.c:15:
c:/winavr-20100110/lib/gcc/../../avr/include/util/delay.h:90:3: warning: #warning "Compiler optimizations disabled; functions from <util/delay.h> won't work as designed"
Finished building: ../HMI_application.c
 
Building target: HMI_ECU.elf
Invoking: AVR C Linker
avr-gcc -Wl,-Map,HMI_ECU.map -mmcu=atmega32 -o "HMI_ECU.elf"  ./HMI_application.o ./gpio.o ./keypad.o ./lcd.o ./protocol.o ./timer1.o ./uart.o   
Finished building target: HMI_ECU.elf
 
Invoking: AVR Create Extended Listing
avr-objdump -h -S HMI_ECU.elf  >"HMI_ECU.lss"
Finished building: HMI_ECU.lss
 
Invoking: Print Size
avr-size --format=avr --mcu=atmega32 HMI_ECU.elf
AVR Memory Usage
----------------
Device: atmega32

Program:   11248 bytes (34.3% Full)
(.text + .data + .bootloader)

Data:        102 bytes (5.0% Full)
(.data + .bss + .noinit)


Finished building: sizedummy
 
11:01:22 **** Incremental Build of configuration Debug for project CONTROL_ECU ****
make all 
Invoking: Print Size
avr-size --format=avr --mcu=atmega32 CONTROL_ECU.elf
AVR Memory Usage
----------------
Device: atmega32

Program:    8880 bytes (27.1% Full)
(.text + .data + .bootloader)

Data:         22 bytes (1.1% Full)
(.data + .bss + .noinit)


Finished building: sizedummy
 
11:01:23 **** Incremental Build of configuration Debug for project HMI_ECU ****
make all 
Building file: ../HMI_application.c
Invoking: AVR Compiler
avr-gcc -Wall -g2 -gstabs -O0 -fpack-struct -fshort-enums -ffunction-sections -fdata-sections -std=gnu99 -funsigned-char -funsigned-bitfields -mmcu=atmega32 -DF_CPU=8000000UL -MMD -MP -MF"HMI_application.d" -MT"HMI_application.o" -c -o "HMI_application.o" "../HMI_application.c"
In file included from ../HMI_application.c:15:
c:/winavr-20100110/lib/gcc/../../avr/include/util/delay.h:90:3: warning: #warning "Compiler optimizations disabled; functions from <util/delay.h> won't work as designed"
Finished building: ../HMI_application.c
 
Building target: HMI_ECU.elf
Invoking: AVR C Linker
avr-gcc -Wl,-Map,HMI_ECU.map -mmcu=atmega32 -o "HMI_ECU.elf"  ./HMI_application.o ./gpio.o ./keypad.o ./lcd.o ./protocol.o ./timer1.o ./uart.o   
Finished building target: HMI_ECU.elf
 
Invoking: AVR Create Extended Listing
avr-objdump -h -S HMI_ECU.elf  >"HMI_ECU.lss"
Finished building: HMI_ECU.lss
 
Invoking: Print Size
avr-size --format=avr --mcu=atmega32 HMI_ECU.elf
AVR Memory Usage
----------------
Device: atmega32

Program:   11248 bytes (34.3% Full)
(.text + .data + .bootloader)

Data:        102 bytes (5.0% Full)
(.data + .bss + .noinit)


Finished building: sizedummy
 
11:12:33 **** Incremental Build of configuration Debug for project CONTROL_ECU ****
make all 
Invoking: Print Size
avr-size --format=avr --mcu=atmega32 CONTROL_ECU.elf
AVR Memory Usage
----------------
Device: atmega32

Program:    8880 bytes (27.1% Full)
(.text + .data + .bootloader)

Data:         22 bytes (1.1% Full)
(.data + .bss + .noinit)


Finished building: sizedummy
 
11:12:34 **** Incremental Build of configuration Debug for project HMI_ECU ****
make all 
Building file: ../HMI_application.c
Invoking: AVR Compiler
avr-gcc -Wall -g2 -gstabs -O0 -fpack-struct -fshort-enums -ffunction-sections -fdata-sections -std=gnu99 -funsigned-char -funsigned-bitfields -mmcu=atmega32 -DF_CPU=8000000UL -MMD -MP -MF"HMI_application.d" -MT"HMI_application.o" -c -o "HMI_application.o" "../HMI_application.c"
In file included from ../HMI_application.c:15:
c:/winavr-20100110/lib/gcc/../../avr/include/util/delay.h:90:3: warning: #warning "Compiler optimizations disabled; functions from <util/delay.h> won't work as designed"
Finished building: ../HMI_application.c
 
Building target: HMI_ECU.elf
Invoking: AVR C Linker
avr-gcc -Wl,-Map,HMI_ECU.map -mmcu=atmega32 -o "HMI_ECU.elf"  ./HMI_application.o ./gpio.o ./keypad.o ./lcd.o ./protocol.o ./timer1.o ./uart.o   
Finished building target: HMI_ECU.elf
 
Invoking: AVR Create Extended Listing
avr-objdump -h -S HMI_ECU.elf  >"HMI_ECU.lss"
Finished building: HMI_ECU.lss
 
Invoking: Print Size
avr-size --format=avr --mcu=atmega32 HMI_ECU.elf
AVR Memory Usage
----------------
Device: atmega32

Program:   11248 bytes (34.3% Full)
(.text + .data + .bootloader)

Data:        102 bytes (5.0% Full)
(.data + .bss + .noinit)


Finished building: sizedummy
 
11:38:01 **** Incremental Build of configuration Debug for project CONTROL_ECU ****
make all 
Invoking: Print Size
avr-size --format=avr --mcu=atmega32 CONTROL_ECU.elf
AVR Memory Usage
----------------
Device: atmega32

Program:    8880 bytes (27.1% Full)
(.text + .data + .bootloader)

Data:         22 bytes (1.1% Full)
(.data + .bss + .noinit)


Finished building: sizedummy
 
11:38:04 **** Incremental Build of configuration Debug for project HMI_ECU ****
make all 
Building file: ../HMI_application.c
Invoking: AVR Compiler
avr-gcc -Wall -g2 -gstabs -O0 -fpack-struct -fshort-enums -ffunction-sections -fdata-sections -std=gnu99 -funsigned-char -funsigned-bitfields -mmcu=atmega32 -DF_CPU=8000000UL -MMD -MP -MF"HMI_application.d" -MT"HMI_application.o" -c -o "HMI_application.o" "../HMI_application.c"
In file included from ../HMI_application.c:15:
c:/winavr-20100110/lib/gcc/../../avr/include/util/delay.h:90:3: warning: #warning "Compiler optimizations disabled; functions from <util/delay.h> won't work as designed"
Finished building: ../HMI_application.c
 
Building target: HMI_ECU.elf
Invoking: AVR C Linker
avr-gcc -Wl,-Map,HMI_ECU.map -mmcu=atmega32 -o "HMI_ECU.elf"  ./HMI_application.o ./gpio.o ./keypad.o ./lcd.o ./protocol.o ./timer1.o ./uart.o   
Finished building target: HMI_ECU.elf
 
Invoking: AVR Create Extended Listing
avr-objdump -h -S HMI_ECU.elf  >"HMI_ECU.lss"
Finished building: HMI_ECU.lss
 
Invoking: Print Size
avr-size --format=avr --mcu=atmega32 HMI_ECU.elf
AVR Memory Usage
----------------
Device: atmega32

Program:   11388 bytes (34.8% Full)
(.text + .data + .bootloader)

Data:        134 bytes (6.5% Full)
(.data + .bss + .noinit)


Finished building: sizedummy
 
11:43:07 **** Incremental Build of configuration Debug for project CONTROL_ECU ****
make all 
Invoking: Print Size
avr-size --format=avr --mcu=atmega32 CONTROL_ECU.elf
AVR Memory Usage
----------------
Device: atmega32

Program:    8880 bytes (27.1% Full)
(.text + .data + .bootloader)

Data:         22 bytes (1.1% Full)
(.data + .bss + .noinit)


Finished building: sizedummy
 
11:43:08 **** Incremental Build of configuration Debug for project HMI_ECU ****
make all 
Building file: ../HMI_application.c
Invoking: AVR Compiler
avr-gcc -Wall -g2 -gstabs -O0 -fpack-struct -fshort-enums -ffunction-sections -fdata-sections -std=gnu99 -funsigned-char -funsigned-bitfields -mmcu=atmega32 -DF_CPU=8000000UL -MMD -MP -MF"HMI_application.d" -MT"HMI_application.o" -c -o "HMI_application.o" "../HMI_application.c"
In file included from ../HMI_application.c:15:
c:/winavr-20100110/lib/gcc/../../avr/include/util/delay.h:90:3: warning: #warning "Compiler optimizations disabled; functions from <util/delay.h> won't work as designed"
Finished building: ../HMI_application.c
 
Building target: HMI_ECU.elf
Invoking: AVR C Linker
avr-gcc -Wl,-Map,HMI_ECU.map -mmcu=atmega32 -o "HMI_ECU.elf"  ./HMI_application.o ./gpio.o ./keypad.o ./lcd.o ./protocol.o ./timer1.o ./uart.o   
Finished building target: HMI_ECU.elf
 
Invoking: AVR Create Extended Listing
avr-objdump -h -S HMI_ECU.elf  >"HMI_ECU.lss"
Finished building: HMI_ECU.lss
 
Invoking: Print Size
avr-size --format=avr --mcu=atmega32 HMI_ECU.elf
AVR Memory Usage
----------------
Device: atmega32

Program:   11388 bytes (34.8% Full)
(.text + .data + .bootloader)

Data:        134 bytes (6.5% Full)
(.data + .bss + .noinit)


Finished building: sizedummy
 
11:43:41 **** Incremental Build of configuration Debug for project CONTROL_ECU ****
make all 
Invoking: Print Size
avr-size --format=avr --mcu=atmega32 CONTROL_ECU.elf
AVR Memory Usage
----------------
Device: atmega32

Program:    8880 bytes (27.1% Full)
(.text + .data + .bootloader)

Data:         22 bytes (1.1% Full)
(.data + .bss + .noinit)


Finished building: sizedummy
 
11:43:42 **** Incremental Build of configuration Debug for project HMI_ECU ****
make all 
Building file: ../HMI_application.c
Invoking: AVR Compiler
avr-gcc -Wall -g2 -gstabs -O0 -fpack-struct -fshort-enums -ffunction-sections -fdata-sections -std=gnu99 -funsigned-char -funsigned-bitfields -mmcu=atmega32 -DF_CPU=8000000UL -MMD -MP -MF"HMI_application.d" -MT"HMI_application.o" -c -o "HMI_application.o" "../HMI_application.c"
In file included from ../HMI_application.c:15:
c:/winavr-20100110/lib/gcc/../../avr/include/util/delay.h:90:3: warning: #warning "Compiler optimizations disabled; functions from <util/delay.h> won't work as designed"
Finished building: ../HMI_application.c
 
Building target: HMI_ECU.elf
Invoking: AVR C Linker
avr-gcc -Wl,-Map,HMI_ECU.map -mmcu=atmega32 -o "HMI_ECU.elf"  ./HMI_application.o ./gpio.o ./keypad.o ./lcd.o ./protocol.o ./timer1.o ./uart.o   
Finished building target: HMI_ECU.elf
 
Invoking: AVR Create Extended Listing
avr-objdump -h -S HMI_ECU.elf  >"HMI_ECU.lss"
Finished building: HMI_ECU.lss
 
Invoking: Print Size
avr-size --format=avr --mcu=atmega32 HMI_ECU.elf
AVR Memory Usage
----------------
Device: atmega32

Program:   11388 bytes (34.8% Full)
(.text + .data + .bootloader)

Data:        134 bytes (6.5% Full)
(.data + .bss + .noinit)


Finished building: sizedummy
 
11:59:29 **** Incremental Build of configuration Debug for project CONTROL_ECU ****
make all 
Invoking: Print Size
avr-size --format=avr --mcu=atmega32 CONTROL_ECU.elf
AVR Memory Usage
----------------
Device: atmega32

Program:    8880 bytes (27.1% Full)
(.text + .data + .bootloader)

Data:         22 bytes (1.1% Full)
(.data + .bss + .noinit)


Finished building: sizedummy
 
11:59:30 **** Incremental Build of configuration Debug for project HMI_ECU ****
make all 
Invoking: Print Size
avr-size --format=avr --mcu=atmega32 HMI_ECU.elf
AVR Memory Usage
----------------
Device: atmega32

Program:   11388 bytes (34.8% Full)
(.text + .data + .bootloader)

Data:        134 bytes (6.5% Full)
(.data + .bss + .noinit)


Finished building: sizedummy
 
